Using pre-set license
Built from '2020.3/release' branch; Version is '2020.3.12f1 (b3b2c6512326) revision 11776710'; Using compiler version '192528614'; Build Type 'Release'
OS: 'Windows 10 Home; OS build 19041.1110; Version 2004; 64bit' Language: 'en' Physical Memory: 3537 MB
BatchMode: 1, IsHumanControllingUs: 0, StartBugReporterOnCrash: 0, Is64bit: 1, IsPro: 0

 COMMAND LINE ARGUMENTS:
C:\Program Files\Unity\Hub\Editor\2020.3.12f1\Editor\Unity.exe
-adb2
-batchMode
-noUpm
-name
AssetImportWorker34
-projectPath
C:/Users/ezedi/Documents/Unity/Tutorial Unity/Data Persistent Project/Data-Persistent-Project
-logFile
Logs/AssetImportWorker34.log
-srvPort
50362
Successfully changed project path to: C:/Users/ezedi/Documents/Unity/Tutorial Unity/Data Persistent Project/Data-Persistent-Project
C:/Users/ezedi/Documents/Unity/Tutorial Unity/Data Persistent Project/Data-Persistent-Project
Using Asset Import Pipeline V2.
Refreshing native plugins compatible for Editor in 2440.79 ms, found 2 plugins.
Preloading 0 native plugins for Editor in 0.00 ms.
Initialize engine version: 2020.3.12f1 (b3b2c6512326)
[Subsystems] Discovering subsystems at path C:/Program Files/Unity/Hub/Editor/2020.3.12f1/Editor/Data/Resources/UnitySubsystems
[Subsystems] Discovering subsystems at path C:/Users/ezedi/Documents/Unity/Tutorial Unity/Data Persistent Project/Data-Persistent-Project/Assets
GfxDevice: creating device client; threaded=0
